<?xml version="1.0" encoding="UTF-8"?>
<!-- Generated by org.testng.reporters.JUnitReportReporter -->
<testsuite hostname="Ketan" name="TestNG.SoftAssertTest" tests="1" failures="0" timestamp="19 Oct 2018 04:33:24 GMT" time="0.021" errors="0">
  <testcase name="Test2" time="0.021" classname="TestNG.SoftAssertTest"/>
</testsuite> <!-- TestNG.SoftAssertTest -->
