<?xml version="1.0" encoding="UTF-8"?>
<!-- Generated by org.testng.reporters.JUnitReportReporter -->
<testsuite hostname="Ketan" name="TestNG.TestNGExm" tests="3" failures="0" timestamp="15 Oct 2018 04:10:03 GMT" time="0.012" errors="0">
  <testcase name="loginTest" time="0.002" classname="TestNG.TestNGExm"/>
  <testcase name="homeTest" time="0.007" classname="TestNG.TestNGExm"/>
  <testcase name="logooutTest" time="0.003" classname="TestNG.TestNGExm"/>
</testsuite> <!-- TestNG.TestNGExm -->
