<?xml version="1.0" encoding="UTF-8"?>
<!-- Generated by org.testng.reporters.JUnitReportReporter -->
<testsuite hostname="Ketan" name="TestNG.GroupTest" tests="2" failures="0" timestamp="18 Oct 2018 05:31:10 GMT" time="0.008" errors="0">
  <testcase name="dologin" time="0.001" classname="TestNG.GroupTest"/>
  <testcase name="doRegister" time="0.007" classname="TestNG.GroupTest"/>
</testsuite> <!-- TestNG.GroupTest -->
