<?xml version="1.0" encoding="UTF-8"?>
<!-- Generated by org.testng.reporters.JUnitReportReporter -->
<testsuite hostname="Ketan" name="TestNG.DisableEnableTest" tests="2" failures="0" timestamp="16 Oct 2018 04:19:46 GMT" time="0.013" errors="0">
  <testcase name="Car" time="0.009" classname="TestNG.DisableEnableTest"/>
  <testcase name="Hotel" time="0.004" classname="TestNG.DisableEnableTest"/>
</testsuite> <!-- TestNG.DisableEnableTest -->
