<?xml version="1.0" encoding="UTF-8"?>
<!-- Generated by org.testng.reporters.JUnitReportReporter -->
<testsuite hostname="Ketan" name="ParallelTest.TestB" tests="1" failures="0" timestamp="18 Oct 2018 05:44:22 GMT" time="2.018" errors="0">
  <testcase name="TestBMethod" time="2.018" classname="ParallelTest.TestB"/>
</testsuite> <!-- ParallelTest.TestB -->
