<?xml version="1.0" encoding="UTF-8"?>
<!-- Generated by org.testng.reporters.JUnitReportReporter -->
<testsuite hostname="Ketan" name="TestNG.xmlparameter" tests="1" failures="0" timestamp="18 Oct 2018 04:30:00 GMT" time="0.013" errors="0">
  <testcase name="xmlgetparameter" time="0.013" classname="TestNG.xmlparameter"/>
</testsuite> <!-- TestNG.xmlparameter -->
