<?xml version="1.0" encoding="UTF-8"?>
<!-- Generated by org.testng.reporters.JUnitReportReporter -->
<testsuite hostname="Ketan" name="TestNG.ParameterClass" tests="3" failures="0" timestamp="19 Oct 2018 04:08:31 GMT" time="0.016" errors="0">
  <testcase name="loginTest" time="0.012" classname="TestNG.ParameterClass"/>
  <testcase name="loginTest" time="0.003" classname="TestNG.ParameterClass"/>
  <testcase name="loginTest" time="0.001" classname="TestNG.ParameterClass"/>
</testsuite> <!-- TestNG.ParameterClass -->
