<?xml version="1.0" encoding="UTF-8"?>
<!-- Generated by org.testng.reporters.JUnitReportReporter -->
<testsuite hostname="Ketan" name="antpkg.TestA" tests="2" failures="0" timestamp="18 Oct 2018 04:18:25 GMT" time="0.033" errors="0">
  <testcase name="testOne" time="0.019" classname="antpkg.TestA"/>
  <testcase name="testTwo" time="0.014" classname="antpkg.TestA"/>
</testsuite> <!-- antpkg.TestA -->
