<?xml version="1.0" encoding="UTF-8"?>
<!-- Generated by org.testng.reporters.JUnitReportReporter -->
<testsuite hostname="Ketan" name="TestNG.DependencyTest" tests="3" failures="0" timestamp="16 Oct 2018 04:32:59 GMT" time="6.136" errors="0">
  <testcase name="ChangePassTest" time="0.003" classname="TestNG.DependencyTest"/>
  <testcase name="loginTest" time="0.004" classname="TestNG.DependencyTest"/>
  <testcase name="logoutTest" time="6.129" classname="TestNG.DependencyTest"/>
</testsuite> <!-- TestNG.DependencyTest -->
